--- Crash Report 2025-09-28 21:29:13.193861 ---
Traceback (most recent call last):
  File "c:\Users\KYSAINT\OneDrive\-\tts\clipboard_tts_hotkey.pyw", line 38, in ensure_package
    return importlib.import_module(import_name)
           ~~~~~~~~~~~~~~~~~~~~~~~^^^^^^^^^^^^^
  File "C:\Users\KYSAINT\AppData\Local\Programs\Python\Python313\Lib\importlib\__init__.py", line 88, in import_module
    return _bootstrap._gcd_import(name[level:], package, level)
           ~~~~~~~~~~~~~~~~~~~~~~^^^^^^^^^^^^^^^^^^^^^^^^^^^^^^
  File "<frozen importlib._bootstrap>", line 1387, in _gcd_import
  File "<frozen importlib._bootstrap>", line 1360, in _find_and_load
  File "<frozen importlib._bootstrap>", line 1324, in _find_and_load_unlocked
ModuleNotFoundError: No module named 'edge-tts'

During handling of the above exception, another exception occurred:

Traceback (most recent call last):
  File "c:\Users\KYSAINT\OneDrive\-\tts\clipboard_tts_hotkey.pyw", line 54, in <module>
    edge_tts = ensure_package("edge-tts")
  File "c:\Users\KYSAINT\OneDrive\-\tts\clipboard_tts_hotkey.pyw", line 41, in ensure_package
    return importlib.import_module(import_name)
           ~~~~~~~~~~~~~~~~~~~~~~~^^^^^^^^^^^^^
  File "C:\Users\KYSAINT\AppData\Local\Programs\Python\Python313\Lib\importlib\__init__.py", line 88, in import_module
    return _bootstrap._gcd_import(name[level:], package, level)
           ~~~~~~~~~~~~~~~~~~~~~~^^^^^^^^^^^^^^^^^^^^^^^^^^^^^^
  File "<frozen importlib._bootstrap>", line 1387, in _gcd_import
  File "<frozen importlib._bootstrap>", line 1360, in _find_and_load
  File "<frozen importlib._bootstrap>", line 1324, in _find_and_load_unlocked
ModuleNotFoundError: No module named 'edge-tts'
